# JRE version: OpenJDK Runtime Environment Temurin-21.0.7+6 (21.0.7+6) (build 21.0.7+6-LTS)
# Java VM: OpenJDK 64-Bit Server VM Temurin-21.0.7+6 (21.0.7+6-LTS, mixed mode, sharing, tiered, compressed oops, compressed class ptrs, parallel gc, windows-amd64)
GC Precious Log:
 CardTable entry size: 512
 CPUs: 8 total, 8 available
 Memory: 16167M
 Large Page Support: Disabled
 NUMA Support: Disabled
 Compressed Oops: Enabled (32-bit)
 Alignments: Space 512K, Generation 512K, Heap 2M
 Heap Min Capacity: 100M
 Heap Initial Capacity: 100M
 Heap Max Capacity: 1G
 Pre-touch: Disabled
 Parallel Workers: 8
Heap:
 PSYoungGen      total 11776K, used 11747K [0x00000000eab00000, 0x00000000ec080000, 0x0000000100000000)
  eden space 9216K, 100% used [0x00000000eab00000,0x00000000eb400000,0x00000000eb400000)
  from space 2560K, 98% used [0x00000000eb900000,0x00000000ebb78ed0,0x00000000ebb80000)
  to   space 5120K, 10% used [0x00000000eb400000,0x00000000eb48b7b0,0x00000000eb900000)
 ParOldGen       total 98304K, used 98300K [0x00000000c0000000, 0x00000000c6000000, 0x00000000eab00000)
  object space 98304K, 99% used [0x00000000c0000000,0x00000000c5fff378,0x00000000c6000000)
 Metaspace       used 54512K, committed 55808K, reserved 1114112K
  class space    used 5721K, committed 6272K, reserved 1048576K
GC Heap History (20 events):
Event: 9.288 GC heap after
{Heap after GC invocations=43 (full 2):
 PSYoungGen      total 14336K, used 2033K [0x00000000eab00000, 0x00000000ebb80000, 0x0000000100000000)
  eden space 11776K, 0% used [0x00000000eab00000,0x00000000eab00000,0x00000000eb680000)
  from space 2560K, 79% used [0x00000000eb680000,0x00000000eb87c690,0x00000000eb900000)
  to   space 2560K, 0% used [0x00000000eb900000,0x00000000eb900000,0x00000000ebb80000)
 ParOldGen       total 76288K, used 75938K [0x00000000c0000000, 0x00000000c4a80000, 0x00000000eab00000)
  object space 76288K, 99% used [0x00000000c0000000,0x00000000c4a289e0,0x00000000c4a80000)
 Metaspace       used 52239K, committed 53568K, reserved 1114112K
  class space    used 5539K, committed 6144K, reserved 1048576K
}
Event: 9.335 GC heap before
{Heap before GC invocations=44 (full 2):
 PSYoungGen      total 14336K, used 13809K [0x00000000eab00000, 0x00000000ebb80000, 0x0000000100000000)
  eden space 11776K, 100% used [0x00000000eab00000,0x00000000eb680000,0x00000000eb680000)
  from space 2560K, 79% used [0x00000000eb680000,0x00000000eb87c690,0x00000000eb900000)
  to   space 2560K, 0% used [0x00000000eb900000,0x00000000eb900000,0x00000000ebb80000)
 ParOldGen       total 76288K, used 75938K [0x00000000c0000000, 0x00000000c4a80000, 0x00000000eab00000)
  object space 76288K, 99% used [0x00000000c0000000,0x00000000c4a289e0,0x00000000c4a80000)
 Metaspace       used 52411K, committed 53696K, reserved 1114112K
  class space    used 5554K, committed 6144K, reserved 1048576K
}
Event: 9.338 GC heap after
{Heap after GC invocations=44 (full 2):
 PSYoungGen      total 14336K, used 2268K [0x00000000eab00000, 0x00000000ebb80000, 0x0000000100000000)
  eden space 11776K, 0% used [0x00000000eab00000,0x00000000eab00000,0x00000000eb680000)
  from space 2560K, 88% used [0x00000000eb900000,0x00000000ebb37288,0x00000000ebb80000)
  to   space 2560K, 0% used [0x00000000eb680000,0x00000000eb680000,0x00000000eb900000)
 ParOldGen       total 77824K, used 77821K [0x00000000c0000000, 0x00000000c4c00000, 0x00000000eab00000)
  object space 77824K, 99% used [0x00000000c0000000,0x00000000c4bff550,0x00000000c4c00000)
 Metaspace       used 52411K, committed 53696K, reserved 1114112K
  class space    used 5554K, committed 6144K, reserved 1048576K
}
Event: 9.387 GC heap before
{Heap before GC invocations=45 (full 2):
 PSYoungGen      total 14336K, used 14044K [0x00000000eab00000, 0x00000000ebb80000, 0x0000000100000000)
  eden space 11776K, 100% used [0x00000000eab00000,0x00000000eb680000,0x00000000eb680000)
  from space 2560K, 88% used [0x00000000eb900000,0x00000000ebb37288,0x00000000ebb80000)
  to   space 2560K, 0% used [0x00000000eb680000,0x00000000eb680000,0x00000000eb900000)
 ParOldGen       total 77824K, used 77821K [0x00000000c0000000, 0x00000000c4c00000, 0x00000000eab00000)
  object space 77824K, 99% used [0x00000000c0000000,0x00000000c4bff550,0x00000000c4c00000)
 Metaspace       used 52498K, committed 53760K, reserved 1114112K
  class space    used 5567K, committed 6144K, reserved 1048576K
}
Event: 9.389 GC heap after
{Heap after GC invocations=45 (full 2):
 PSYoungGen      total 14336K, used 2361K [0x00000000eab00000, 0x00000000ebb80000, 0x0000000100000000)
  eden space 11776K, 0% used [0x00000000eab00000,0x00000000eab00000,0x00000000eb680000)
  from space 2560K, 92% used [0x00000000eb680000,0x00000000eb8ce530,0x00000000eb900000)
  to   space 2560K, 0% used [0x00000000eb900000,0x00000000eb900000,0x00000000ebb80000)
 ParOldGen       total 80384K, used 79911K [0x00000000c0000000, 0x00000000c4e80000, 0x00000000eab00000)
  object space 80384K, 99% used [0x00000000c0000000,0x00000000c4e09f20,0x00000000c4e80000)
 Metaspace       used 52498K, committed 53760K, reserved 1114112K
  class space    used 5567K, committed 6144K, reserved 1048576K
}
Event: 9.474 GC heap before
{Heap before GC invocations=46 (full 2):
 PSYoungGen      total 14336K, used 14137K [0x00000000eab00000, 0x00000000ebb80000, 0x0000000100000000)
  eden space 11776K, 100% used [0x00000000eab00000,0x00000000eb680000,0x00000000eb680000)
  from space 2560K, 92% used [0x00000000eb680000,0x00000000eb8ce530,0x00000000eb900000)
  to   space 2560K, 0% used [0x00000000eb900000,0x00000000eb900000,0x00000000ebb80000)
 ParOldGen       total 80384K, used 79911K [0x00000000c0000000, 0x00000000c4e80000, 0x00000000eab00000)
  object space 80384K, 99% used [0x00000000c0000000,0x00000000c4e09f20,0x00000000c4e80000)
 Metaspace       used 52913K, committed 54144K, reserved 1114112K
  class space    used 5600K, committed 6144K, reserved 1048576K
}
Event: 9.476 GC heap after
{Heap after GC invocations=46 (full 2):
 PSYoungGen      total 14336K, used 2520K [0x00000000eab00000, 0x00000000ebb80000, 0x0000000100000000)
  eden space 11776K, 0% used [0x00000000eab00000,0x00000000eab00000,0x00000000eb680000)
  from space 2560K, 98% used [0x00000000eb900000,0x00000000ebb76078,0x00000000ebb80000)
  to   space 2560K, 0% used [0x00000000eb680000,0x00000000eb680000,0x00000000eb900000)
 ParOldGen       total 82432K, used 82153K [0x00000000c0000000, 0x00000000c5080000, 0x00000000eab00000)
  object space 82432K, 99% used [0x00000000c0000000,0x00000000c503a438,0x00000000c5080000)
 Metaspace       used 52913K, committed 54144K, reserved 1114112K
  class space    used 5600K, committed 6144K, reserved 1048576K
}
Event: 9.517 GC heap before
{Heap before GC invocations=47 (full 2):
 PSYoungGen      total 14336K, used 14296K [0x00000000eab00000, 0x00000000ebb80000, 0x0000000100000000)
  eden space 11776K, 100% used [0x00000000eab00000,0x00000000eb680000,0x00000000eb680000)
  from space 2560K, 98% used [0x00000000eb900000,0x00000000ebb76078,0x00000000ebb80000)
  to   space 2560K, 0% used [0x00000000eb680000,0x00000000eb680000,0x00000000eb900000)
 ParOldGen       total 82432K, used 82153K [0x00000000c0000000, 0x00000000c5080000, 0x00000000eab00000)
  object space 82432K, 99% used [0x00000000c0000000,0x00000000c503a438,0x00000000c5080000)
 Metaspace       used 52916K, committed 54144K, reserved 1114112K
  class space    used 5600K, committed 6144K, reserved 1048576K
}
Event: 9.519 GC heap after
{Heap after GC invocations=47 (full 2):
 PSYoungGen      total 14336K, used 2540K [0x00000000eab00000, 0x00000000ec380000, 0x0000000100000000)
  eden space 11776K, 0% used [0x00000000eab00000,0x00000000eab00000,0x00000000eb680000)
  from space 2560K, 99% used [0x00000000eb680000,0x00000000eb8fb0c0,0x00000000eb900000)
  to   space 6656K, 0% used [0x00000000ebd00000,0x00000000ebd00000,0x00000000ec380000)
 ParOldGen       total 86016K, used 85526K [0x00000000c0000000, 0x00000000c5400000, 0x00000000eab00000)
  object space 86016K, 99% used [0x00000000c0000000,0x00000000c53858a0,0x00000000c5400000)
 Metaspace       used 52916K, committed 54144K, reserved 1114112K
  class space    used 5600K, committed 6144K, reserved 1048576K
}
Event: 9.569 GC heap before
{Heap before GC invocations=48 (full 2):
 PSYoungGen      total 14336K, used 14316K [0x00000000eab00000, 0x00000000ec380000, 0x0000000100000000)
  eden space 11776K, 100% used [0x00000000eab00000,0x00000000eb680000,0x00000000eb680000)
  from space 2560K, 99% used [0x00000000eb680000,0x00000000eb8fb0c0,0x00000000eb900000)
  to   space 6656K, 0% used [0x00000000ebd00000,0x00000000ebd00000,0x00000000ec380000)
 ParOldGen       total 86016K, used 85526K [0x00000000c0000000, 0x00000000c5400000, 0x00000000eab00000)
  object space 86016K, 99% used [0x00000000c0000000,0x00000000c53858a0,0x00000000c5400000)
 Metaspace       used 53491K, committed 54784K, reserved 1114112K
  class space    used 5625K, committed 6208K, reserved 1048576K
}
Event: 9.572 GC heap after
{Heap after GC invocations=48 (full 2):
 PSYoungGen      total 14848K, used 2913K [0x00000000eab00000, 0x00000000ec000000, 0x0000000100000000)
  eden space 11776K, 0% used [0x00000000eab00000,0x00000000eab00000,0x00000000eb680000)
  from space 3072K, 94% used [0x00000000ebd00000,0x00000000ebfd8760,0x00000000ec000000)
  to   space 4096K, 0% used [0x00000000eb800000,0x00000000eb800000,0x00000000ebc00000)
 ParOldGen       total 88064K, used 88042K [0x00000000c0000000, 0x00000000c5600000, 0x00000000eab00000)
  object space 88064K, 99% used [0x00000000c0000000,0x00000000c55fa8b0,0x00000000c5600000)
 Metaspace       used 53491K, committed 54784K, reserved 1114112K
  class space    used 5625K, committed 6208K, reserved 1048576K
}
Event: 9.640 GC heap before
{Heap before GC invocations=49 (full 2):
 PSYoungGen      total 14848K, used 14689K [0x00000000eab00000, 0x00000000ec000000, 0x0000000100000000)
  eden space 11776K, 100% used [0x00000000eab00000,0x00000000eb680000,0x00000000eb680000)
  from space 3072K, 94% used [0x00000000ebd00000,0x00000000ebfd8760,0x00000000ec000000)
  to   space 4096K, 0% used [0x00000000eb800000,0x00000000eb800000,0x00000000ebc00000)
 ParOldGen       total 88064K, used 88042K [0x00000000c0000000, 0x00000000c5600000, 0x00000000eab00000)
  object space 88064K, 99% used [0x00000000c0000000,0x00000000c55fa8b0,0x00000000c5600000)
 Metaspace       used 53767K, committed 55040K, reserved 1114112K
  class space    used 5651K, committed 6208K, reserved 1048576K
}
Event: 9.642 GC heap after
{Heap after GC invocations=49 (full 2):
 PSYoungGen      total 14336K, used 2399K [0x00000000eab00000, 0x00000000ebd80000, 0x0000000100000000)
  eden space 11776K, 0% used [0x00000000eab00000,0x00000000eab00000,0x00000000eb680000)
  from space 2560K, 93% used [0x00000000eb800000,0x00000000eba57c40,0x00000000eba80000)
  to   space 3072K, 0% used [0x00000000eba80000,0x00000000eba80000,0x00000000ebd80000)
 ParOldGen       total 91136K, used 90810K [0x00000000c0000000, 0x00000000c5900000, 0x00000000eab00000)
  object space 91136K, 99% used [0x00000000c0000000,0x00000000c58aeab8,0x00000000c5900000)
 Metaspace       used 53767K, committed 55040K, reserved 1114112K
  class space    used 5651K, committed 6208K, reserved 1048576K
}
Event: 9.696 GC heap before
{Heap before GC invocations=50 (full 2):
 PSYoungGen      total 14336K, used 14175K [0x00000000eab00000, 0x00000000ebd80000, 0x0000000100000000)
  eden space 11776K, 100% used [0x00000000eab00000,0x00000000eb680000,0x00000000eb680000)
  from space 2560K, 93% used [0x00000000eb800000,0x00000000eba57c40,0x00000000eba80000)
  to   space 3072K, 0% used [0x00000000eba80000,0x00000000eba80000,0x00000000ebd80000)
 ParOldGen       total 91136K, used 90810K [0x00000000c0000000, 0x00000000c5900000, 0x00000000eab00000)
  object space 91136K, 99% used [0x00000000c0000000,0x00000000c58aeab8,0x00000000c5900000)
 Metaspace       used 53918K, committed 55232K, reserved 1114112K
  class space    used 5663K, committed 6272K, reserved 1048576K
}
Event: 9.699 GC heap after
{Heap after GC invocations=50 (full 2):
 PSYoungGen      total 14848K, used 2989K [0x00000000eab00000, 0x00000000ebd80000, 0x0000000100000000)
  eden space 11776K, 0% used [0x00000000eab00000,0x00000000eab00000,0x00000000eb680000)
  from space 3072K, 97% used [0x00000000eba80000,0x00000000ebd6b790,0x00000000ebd80000)
  to   space 3584K, 0% used [0x00000000eb680000,0x00000000eb680000,0x00000000eba00000)
 ParOldGen       total 93184K, used 93068K [0x00000000c0000000, 0x00000000c5b00000, 0x00000000eab00000)
  object space 93184K, 99% used [0x00000000c0000000,0x00000000c5ae3120,0x00000000c5b00000)
 Metaspace       used 53918K, committed 55232K, reserved 1114112K
  class space    used 5663K, committed 6272K, reserved 1048576K
}
Event: 9.933 GC heap before
{Heap before GC invocations=51 (full 2):
 PSYoungGen      total 14848K, used 14765K [0x00000000eab00000, 0x00000000ebd80000, 0x0000000100000000)
  eden space 11776K, 100% used [0x00000000eab00000,0x00000000eb680000,0x00000000eb680000)
  from space 3072K, 97% used [0x00000000eba80000,0x00000000ebd6b790,0x00000000ebd80000)
  to   space 3584K, 0% used [0x00000000eb680000,0x00000000eb680000,0x00000000eba00000)
 ParOldGen       total 93184K, used 93068K [0x00000000c0000000, 0x00000000c5b00000, 0x00000000eab00000)
  object space 93184K, 99% used [0x00000000c0000000,0x00000000c5ae3120,0x00000000c5b00000)
 Metaspace       used 54348K, committed 55616K, reserved 1114112K
  class space    used 5712K, committed 6272K, reserved 1048576K
}
Event: 9.936 GC heap after
{Heap after GC invocations=51 (full 2):
 PSYoungGen      total 14336K, used 2144K [0x00000000eab00000, 0x00000000ebb80000, 0x0000000100000000)
  eden space 11776K, 0% used [0x00000000eab00000,0x00000000eab00000,0x00000000eb680000)
  from space 2560K, 83% used [0x00000000eb680000,0x00000000eb898158,0x00000000eb900000)
  to   space 2560K, 0% used [0x00000000eb900000,0x00000000eb900000,0x00000000ebb80000)
 ParOldGen       total 96256K, used 95914K [0x00000000c0000000, 0x00000000c5e00000, 0x00000000eab00000)
  object space 96256K, 99% used [0x00000000c0000000,0x00000000c5daaa00,0x00000000c5e00000)
 Metaspace       used 54348K, committed 55616K, reserved 1114112K
  class space    used 5712K, committed 6272K, reserved 1048576K
}
Event: 9.991 GC heap before
{Heap before GC invocations=52 (full 2):
 PSYoungGen      total 14336K, used 13920K [0x00000000eab00000, 0x00000000ebb80000, 0x0000000100000000)
  eden space 11776K, 100% used [0x00000000eab00000,0x00000000eb680000,0x00000000eb680000)
  from space 2560K, 83% used [0x00000000eb680000,0x00000000eb898158,0x00000000eb900000)
  to   space 2560K, 0% used [0x00000000eb900000,0x00000000eb900000,0x00000000ebb80000)
 ParOldGen       total 96256K, used 95914K [0x00000000c0000000, 0x00000000c5e00000, 0x00000000eab00000)
  object space 96256K, 99% used [0x00000000c0000000,0x00000000c5daaa00,0x00000000c5e00000)
 Metaspace       used 54484K, committed 55744K, reserved 1114112K
  class space    used 5716K, committed 6272K, reserved 1048576K
}
Event: 9.994 GC heap after
{Heap after GC invocations=52 (full 2):
 PSYoungGen      total 11776K, used 2531K [0x00000000eab00000, 0x00000000ec080000, 0x0000000100000000)
  eden space 9216K, 0% used [0x00000000eab00000,0x00000000eab00000,0x00000000eb400000)
  from space 2560K, 98% used [0x00000000eb900000,0x00000000ebb78ed0,0x00000000ebb80000)
  to   space 5120K, 0% used [0x00000000eb400000,0x00000000eb400000,0x00000000eb900000)
 ParOldGen       total 98304K, used 98021K [0x00000000c0000000, 0x00000000c6000000, 0x00000000eab00000)
  object space 98304K, 99% used [0x00000000c0000000,0x00000000c5fb97d8,0x00000000c6000000)
 Metaspace       used 54484K, committed 55744K, reserved 1114112K
  class space    used 5716K, committed 6272K, reserved 1048576K
}
Event: 10.020 GC heap before
{Heap before GC invocations=53 (full 2):
 PSYoungGen      total 11776K, used 11747K [0x00000000eab00000, 0x00000000ec080000, 0x0000000100000000)
  eden space 9216K, 100% used [0x00000000eab00000,0x00000000eb400000,0x00000000eb400000)
  from space 2560K, 98% used [0x00000000eb900000,0x00000000ebb78ed0,0x00000000ebb80000)
  to   space 5120K, 0% used [0x00000000eb400000,0x00000000eb400000,0x00000000eb900000)
 ParOldGen       total 98304K, used 98021K [0x00000000c0000000, 0x00000000c6000000, 0x00000000eab00000)
  object space 98304K, 99% used [0x00000000c0000000,0x00000000c5fb97d8,0x00000000c6000000)
 Metaspace       used 54512K, committed 55808K, reserved 1114112K
  class space    used 5721K, committed 6272K, reserved 1048576K
}

